Z0FBQUFBQm85NmtMaXpRckUxNVNYWExOV0RrLVdKQzNCOG52U1pYOU05UmVqMy1uMVRhbE1oRU1MU3BvbkhsNmtsVVJRblVaQlUzYVFVU1pvMld1RHFIMlZlTExSbnhmS3pLMEZOdWNhR1J1c2JERFRGWVFiaUNvWHAzc3l1ZFoyUHZOa1pTd1Zab0VtWnRScjVvbmd6QU1jSHE1VDhWTWlBPT0=
Z0FBQUFBQm85NmtMT3UzeG1xZkFMT1piN2ZONGZMa1pqdHBGNVVRMVNZSi1Zd2RFQTdxYk80bVJZSV8xLXpQM2NtT0FjZ3dDcmVuR2poOTdQTG9mRndHNy1BbU8zV2RVWTh1MjNuTm05S1RISlBQTjUwSmZibHBPdEt4SzBlTTU3bllBMUVoM09EZUVCS0lOb1V2bzR2Nkc1cUJlamQ2Ui13PT0=
Z0FBQUFBQm85NmtMM211bFpBVzdETGJHUTAtVUdmRkg3TDd3YzFmRkRjNDZCbVdlWWo4M2FCX2hQYUlWSkk4ckI1MWVZSXM0ZnJJUGFNUmZHa3ZwMFVfbHg3Z2R2V1VhVVlfZnJBN0V5dFk1RVdXU2RCVmR6WHdUQWtaaThwRmlIeldyaUxVMlE2SkcxZG1CX1pPQ3hUTjhJTzgzR1RsZDlxa0p3cDRwYTdSb2t1aWFYWE1WeWZYWkRtSG5IZW5OUUV6YUlZTjNIbVczNGxLQk1nOFlIM185Qi1zUVA4NjhXeU4tY2RjREVReWZROURSZFZxQnJRVU0xdWx6bkhaQmFtUTUtaWN3dEtFQ3ExcmJGSldGMjhVaDhUc0g1NHQwZEZxcnZ3cGZkdHFfZVhmWktMRjk1VjVBWWFkanhCek9Ma01yM3V5MVhuakM=
Z0FBQUFBQm85Nmw4RHVReDZtSDlnWDBEQkZKT1pSSWV3YVdOeW5PNGNkRGNEZDlNU2lIUlNlTTdid3piancyamVvcEEyVXpVNjhVNlhUX2tkaV9EYWV4QXNVbGE1Rk01RHhBSl96WWtDckVmXzZ5TEdwUXRxRG0wWlk1RVBxenlYcnNEOXhhajE5dDh3aU5OMDlNMXlmdXNxb0VlYjkwUEpwdFcwREx6dUo0OGloOVd1b0hObFBsaG95RXRBYU9rbEpCTEJHN2g1N0xz
Z0FBQUFBQm85Nmw4OU1oWEhxeFJlUXVGTkg5dHh5QjRqdlFKdmRYU000ZF8tMWFqWGdJcWsxZG5WODlwakVFMDA4STVOcnVxY3RLTVlMclQ4eExBMnJ5YVM2dUpXWF9HZk9tY3A3ajRzd0Q1bkQyVUhielFKQ3R6ZExYXzdqb0hfUTYtdjl6bW9BUzlDYVJsRTNEVHBKWjZrWGV4cklKOGc3SlJnVHdRN1J4bTdpNWtrS2x4alVJanpBTHhZRnBRTkpvcGlVanM4QjRjbmY4WU5VY3dfNDBRMEt1R2NZVmdWUT09
Z0FBQUFBQm85Nm0zN3BMS3g5MF92NVhfek1LSWFwalhnZy1NRjRSdlhwRkllMjJfZU90NjlrWHc5X2xSS2RJM2djbVJEZlM0eVBtd21FTmdCTy1LdUhHbmpjbnFxQVNhUDlCWTBLNUpSQzNlZ19SWFlqLUUtWlNObG96QUhRMWx1cE9NSkhPZ0l1ajZyZ0FRM2pRc1F0RFRubUpEeDZ6dTBONWlIa3lHaHBjbFotc0I2cXYzeTlDeTZoQXNTa2F5ekhITzA3eDRSajhM
Z0FBQUFBQm85Nm0zWWNIQllrOWJCZERNSUMxOGZGQXZ4RTJuQURwTEJZN0RxVVV6emNMa3d0ZHNFZHlYa3c2anBYMGszazV1dHY5YUZZbDZCcXdfSlhFb1hZVWxJRUQxTTdONEswMjNoSC01Ql9EdFp2YnRqZlptUEdzWTg3Z1BPY3Mzalp1U0JNMUl0RVVkT3Y0NERjbU5BQ25MeDZWVTNpV0hZajYxRlZaeHpHdXlkbG9ULThLMjdGd3JFNmhoUDRoVXpRVHJEVlVfaHE3X3c2RS1BSUJwYWlibVFxYUJKUT09
Z0FBQUFBQm85NnBSZE1ZdUJFY0RkUXFIWnJQRWo3bGtTUFVYakliY0JQOWFCRi1peThpd2FxOEZpQmJmYW5ZSFVwVzdjeXJZS2JDRUF6bTlSS1dOdkNHM1lCT3p4WURFSXZ0ekhPRGk0SlRsdGlZYjVIRW9wcWNQbGg3ZG1CQW5UMkdPRllxakJSekRtTjI5ZGRGVzByZTJRLVoxN1NSdGQ5QUpueVpzenhEOUt0Uk5HdjVLcGlCa0NwbnQwd0I1VWlPTHdENm9tRHF0
Z0FBQUFBQm85NnBSZTlRVk9ySXNNcWdULUk1VnR2dHJhaGlyNGNxV3RkT3Z6VDBkclJzZG5PYmg4b054cHlPemp2OWl2Uy11VWdPNGZUdDBTSmFPRDhISW1leHlnbkVnTFl1N3J0LUtOa1ZjSlJEeVYzUng1di1WWG1aXzdiT3dBNUJReUVyZ1ZBZXNzT0tUX21pTExoZ3BvMURlYXhUWnhYUm1qQ1VqbnRHeWZ2S29PT1dnSFNtVGZvVDdZNUI1V3JKdWhtaWdWdlJkR09hQVJsdi1sU0taYkNOZ0JNVzN5QT09
Z0FBQUFBQm85NnBSSWtfTTcwcFgxTWNiV2JtU2tFaHd4dlAxTTBhRGNrempBUEVrZWZZb2F3VUFCZXlwcWhzN3JFTThHTHIxSmVZN1oydko4dG5NaWtuc1VneFFUVmtid0xyLUJ0UWJUV3p4ZHRYZFliUlJUUGRBX05ET0wxMGlwOE1qcWZmZFNrU1czQTJveUk2QXBfb25BQ0MzQkt0d2NuSWJuc3pBeXlkU2NsRGtRLURDd01RPQ==
Z0FBQUFBQm85NnBSQlNNdTdxTTFkTlVTRFBhLWxPOUhIWVZkQzkzaWdQaWdtMGN0NnBocUFZZGNNTEdTTmd3TGZsckhRZUNfTVRzWEptR0YyYkw0V1U2SnQ5YjdMNU1raE1ZOTV6YUsxdk44VXh0clV6aGoxOG9uRmNqRFpoZVpoVkFBMk9OWnpBQWR1eWVpXzBTZlY5ZXhpRFBpREk2Y2hBPT0=
Z0FBQUFBQm85NnBTbmxqRXJSbXBsYV80Y2lISXdGZWt3NnpTRlc4a1FWNE5uZlhQZDJoSUVOVzg0UEZvcXZFeDBZN0RkMnZZOW1hWTExZEs5dW5XTjF0TlhqSk11eldwZ25hRW9sQWFBXzUyaHNEZ0c4dVNJVnhzNUQ2QkkxTHVPaXc3QkhmWW5wRTh5NVduam1CZlBoUmViTGREZDdlS0tRPT0=
Z0FBQUFBQm85NnJWRkZkTjFWZlRaRkxnejZwbmVwdVA2bVc5S1dyVG9lN212VlRucmxzal96bkoxejNKdWNfVklZenR1QUJ6SnZwdXFFbTNybHIwVVpiVlNCUmtqWGwyUVZweWdkTnpmbUtITFN4VE5ZMXZ5UXhiTGdaU3h4QVhRcWxpR3UtUE8zSXZKXy1veU9nYlU2Nng0cHJMU3kxNXZ3RVc4bUxDNC1xUlpJdGhMRnJBb1I4PQ==
Z0FBQUFBQm85NjcxeS1xTlk2M1Nnbi1yZXctaVBRMkhtZXJzREN0djRQc09tbUNQYW80d1RZYUhQbWZGUzM4UWNlSGJjajVvaHphYjJuMkxxNGs1V3FXc2h0Y2gyUWpYS2hqNGN0WWo4aEFQM3ZkOFlkQWljaDcyTno5czk3aUJXamJhMzJoOVY2M25Nc3ZHMVlxc2s1RElzZXEyZzQ3bFdEdVJLaEhhbXN2UVRwd1V1X3FsOTZlcUowT25TcUdVbVdtTkFxSkw3NTQw
Z0FBQUFBQm85NjhFT0o5VHQtb2VXRktFcDRGZk9xZVh4UFZVUDFpVDlMbHY3Tkc5T3dIcUl2RGpNb2lMbGx4TjJRYVh3MlBCTnFnQmxiZUlEYTRlZlJ3WFRGOHp2QUlVem9pdjhKSndJZzhYYldCWGNEbndSeVVoRFlCREowcTVjbm5MUHhIT3NObDlCRm4taVNUZm1kXzdGYTg4TExsclVmai1xOS13bzdUdHBRdFZXeVpjNWpvVVdtMWVRYmZFTUJSTEdqWWZnTTZw
Z0FBQUFBQm85NjhFQURfb3dVR0pyNDZyVnFMUlB6ZWlSNlNjUW1WNms4dUxEdzF4UkRuTVlRLVpISFZ2aFZsSWxyUU1mSDVZVWs0eVRoVnlFNzBudzBSV3haVUV3NGlLRV9HYkFyUUFycWZRTzU2Z0Y3TWJ4ODN1YktsT2ZsNW1aLWVuWG1TUlhIQVJMeXdOQVVSWV9jbEZhNHhBMF9qa1lmaG1paWc5WjJBbGcwbHp6LUF3MkFyZmx6Vlc4TTM3dFVPUEpLcDdWQ0E0Mng0cnFqLWlWMUxXNGo5ZldGUkdmdz09
Z0FBQUFBQm85Ni1ULVB5WXhTVEdES0Zpdk5LY2hmN1ptMFM1V2pkYV9iTjdJRGYtbnpJR2psUzFuQ1BRODhJOHV0eWgyZ2E4UkhVWmxsUWpPRjFEVnpUX0VfWkNUMlFoQjhHclFLa0JyMWExbHpOOFNTakRLSGt6V0tFa1ZxcjRlV2hXNHhneGFtZTFFZGlTa2RhSEdPMG5TeE1jMnRqTGM1TjdHZS1oRFRwbUlrcWpnblZPS0FacDdPdDhjaHZBcHdhcThkN3ZlS21M
Z0FBQUFBQm85Ni1UeWowd1Zha0ZYX29abUtKbDRJMnVVMzU4a1I0Sm5ORnRQTjItRm5jdHhwelJpR2l2Qm5WMENOdG5NbjhkZ0R0U1h3dzBsZGFTNWRLUXJyTUJMWEZSeWhIMzFwNzE0cmppbWI2enhncDRQUHl4VHN2aVdiNnlpYnp1UHdELV9VVjVrYkpEWm82cVVLZ2lCN2picXk5eUYwRkV2RzdjYXFNQjBfRFQ4MGh5M1dyb1RfSUZRVUJQY3RMUlRiNEkzNTgwclZfb0QxX3RTYnMwQ19pYVdydzc5Zz09
Z0FBQUFBQm85N0Jyck1mN3FYeExzaDVkNFRILTB6SlpEVi04bzl1aTNaMnp0MVZGVXRGM0VtejVsMlJpTktTYTBHVGFUS2Q1MlIxWXIxSWNNYTRYX0dhVTZ6dzZKcTFrUHliZ19ib21IN3VWX3hBR3dCdzNrOHVaNVRzeEpzUVpNZHFmb0taX1pwUkI1c29wMk9Cc3RxaTc3RGxOVnRRMHhHc3VzMGxicVdSLXh5MGxqT2dyeHRBTmw2OS14RVhUQ2RKTXVFR000Tmph
Z0FBQUFBQm85N0JydzZ5Y1ZOMWNTNnl4ckM1Nl9GcWRxci0wMUNsOWp4Q2U3Y2RQaHVLZXBuUkpVdzAwMUhQNjFvZnhvMHZ3dFhVaHFJRU9ZNUY4WE91X3VGZU5HZWZfMUJkeU5vUk9kVUlRR042N3I2ejZSNUw1M21uOHlLTHBQeXJtaFB2SHhwQlY0NHZxZFU1a2tMM3BIODhPME5PZDZqVDRSbXJsY3ZENERzVHBWbnZDNTBMOXlVNUlHc1FGSldDeF9BYndTVXpXeGxDLXE2RzhnN0NhVEtWQ2pLbkRtdz09
Z0FBQUFBQm85N0JyTmNVYW55a1lTZmJuYjdaR0xCQmMydm5DYTcwVVdkbFJKdXVqZUJVOHJIVE5jdXpfN2YwR1M2d3ZEQnFITmRYU05Uc2pHYnpqUkY0OHRYQWY5dkEyNW9FV0pKY3BaUzQ2WDg0bmVTSmlmVi1nZHhFR2thUndKVEd6alVqVDZiYVdJZGdrcXQySWxFUldfc3JXajB4ZTBQWnFzbmN6ajNEeWlUdlRrWHV3NUUwPQ==
Z0FBQUFBQm85N0JyMFA2bWtHek5TNUVXdFpFVFpQZUtLRERRWHR0bTVCaGE3SE1LV2ZVNnhGVUhZZmV1TXFTSHZGTTlWWnN4N3htNmF1dkxhZ1dQekc0SFZEOWtoY1lzZEwtRGRpOW16U043VFhjUE9KWnhkd19FdDRFd1R0RWxsc0VzbE1tcVpCdlB5b0xSdDN4OHU4SkR1VjBKckFLV0t3PT0=
Z0FBQUFBQm85N0J0QWtpcUxNbFc5OTh1dy1LX0JKQkJubS13dXVDa3NMSFZ2eFQ1SXBIVldNcDYxdEFwQW5GTWFhR1pOTG9jQjEtU3hDV0h2aVlIZWpnZVhfWG0yVll0cmtKNWxXNV9UNUVySm5nNlF1THBfdGt4aGpRMkJIVms3b1RoQW9ZUXdYRmRROElJX1FwNzdSZHZibGV3akFKMTRBPT0=
Z0FBQUFBQm85N0J0anVwdXFVNmRTbFp5Q1Y5ZDZPQndoWFFULTdfSjgybjB0UWpxT0YwMVhscGlsRXhKaVdhTERYWndhLTg1UzFkaVZZVzFZaHhYMWxyekpZNFk0SWpUbFd3TGNrdjJVQXpzQlRmcDdBLXBKY0I3OC1pLUJQSUp4SC1Db1JvS2VVcG1oZGF3U0EzQ2YyQmZQRVl4UXE1M0w3NUdtSFo1djhmZnBkM0xnWUNaeERoekhHOGFxQmJfVjlzVjY2RjlxTmhw
Z0FBQUFBQm85N0J0NEJoSEtMY2pyYU9VTkVIclhlVnhPZXVwV1R0TEhBSXJGZkd1NXRZR21QQ1Z3SU9IRzl1ZUVqbE5CaGZubU5NcXVEYlFHVGI0NVpjZmRBZlBsMmN5M05GMHBWWGRMZGE0SmY0aC14OVV2Ymlsd3E0YnNaLXYwVEhFcWpkUFVtNWIxcGxKUVo4dFRaTDNickt0emlYLUloTTVNTlRvclBxNGRvZGtfRkNmVHdUc09jQ2lVbld6eFlBWnJzdmEzTEY2
Z0FBQUFBQm85N0J0UmlXYUJWeDBSVzdRdFNTVlV1VldHbHpRdmtzQzVYRnFnVE5LSkd5MlRQTVp3Y29BZDB2ZzFIbkM2T0xhU3U2UkZwZGFsenFCTFlLZkRWMEFlTXN1SWVFNDdvakxRQUY3Q1h5OXlmbHZVRVZiWXdrWnplTEZReHlrdUktT0txR2hZVkt0TlpXUTJUa2ZZVHRac1NFSXVaS2pNWU9vNU5SQ1lseFZGeGY1SktZRXM4OHVBa3BCUUVOb2RqQktCMWxC
Z0FBQUFBQm85N0J0Z2ZKT0hBTjVTZ0Y2WUdadjR0c3I1WEQ5RFBZM25VaERPMDFPVkZWTnd1MFdva0xOVFhOdXlsOHluejNkOENNTzNfeGZON0pRTzNRNGw0QWVwVGM4RUtCSEZZT0Zyd2RsczM5U2pUMXZRbEJ5TEFTOF9jVDNOb3RxRENzVXVlMUkzeUlNZGNrMU9sbTlGNEF2MThQX3BMMEtJSi1uRXUyODlMb1pkZXhJdlJrYXFGOFd5YlN3c1JHWjE1NGtRMVRI
Z0FBQUFBQm85N0J0eHhLVkJtREg4dlc4VUtxdGRHZHFhSmxPWElEcXZGdDlJMldUUTdzR3hPRVdqVDR2em5vM2JFdlhMN290aVhmSV81TDVzS1JLZHBaZ0loc0RPUjBoWjlkb2hGTjRTeXYwN3lnLWQ4TDByS1EzY3B5Y3BEYnhnMUdxQjNVSGRBWXN0Z0xzbUxRSGRZd2hvRmYyd1c0RGxMWEEtMXg1dEdESEdyd0RqMXJwbUE4cmF5UW55b2NWWjFZZGt0UGVfMHU1b1FIOC1xaWN3YUwtdXhyUVJOQWdEdz09
Z0FBQUFBQm85N0J0clFDOXBGdFRzM3N0V0tqRWl1bDd2OThySzUzZzhYQXlJbEg3ZVdFd0Z5aUxZYXFNNzVfNk5EX1N0WGVGUzU3WFVncUhCMjlvcEJ1cDA0bWw0RTVNNkNNaU5ENzJtTWphLVRvUVRYYmczelhPNTRZVVd3T3JoYzhsMlN0WjBZRnp5UHZiRDdfb1NqeHZXMGxyTjJrbEFBRGZZWWdrRG5hTTZad3RISE9aUmRndDRSdnBvR3dKNG5uMlZPOTlXWE9z
Z0FBQUFBQm85N0J0U3U0T0l6WEVuVHdGWEZEVGZFVGdVNEJROEZkaG01QUhjN3JQTVlpR2VPY2wzcVNFdmJYZTloQU5GVFZJcHRTamRYdjZaWGdTSlVDQmhpVDkzUDZRSVBhcmVwU3hucnFkTnBSTGxOcDFjUjV0Ny00MTN6Mmt5anBkUU5ld2JYNDVJc0NLcDIxTnVjU3ZaSEVXcmgxM2dIWU5tQkJidldFWWN1N0ozZGkxVUFhLWpKY0hpcXpTVldpMVpCdHFreUZn
Z0FBQUFBQm85N0J0XzZERk5UQUhqVE5GaTVpYVB0MnpDTDduV0hpNjFJbjVpVGNlQWNsdWxDZ3FTOGFtdnRJekUxdjdkVnJpcGcwQTZkS2F0ME1VX1BqQ1RkQ0VWUUlybElaSnVYeC1DeExVNHhxLVh5R1JSQ28wM25HQ3BQb21FSXFDcjM5YUFCNW9TbldQaUlIYkJBQmlzYkFSa3ViS3Zra1lKc3h2UEsxcWFPNTlpQXQtYVZVPQ==
Z0FBQUFBQm85OGMyUmtTbDdHYWMtb3hNZ085dXVWVmI1QXRkUGpwdHU4aGRvSWpKSDBZN0pYcVp4MDNTWlVxU25SZVNYc2NLMHRMRzZXMkhfWlVPWUhkYkpyVktuSWxyelhhajZyMUVVS1ZwYl9YeFQ5XzdKODBYS25fYkhYcm8td1NSaE5NcUJ5cTV1TE0zdkVGejBTSl9JWkM1eDdqMUR6TldLeVlVY2NWQVI5QWFkVjk0WkZNcDMtbWtUZ3FwbnBicE0tNFgxQmJkRXJzZkdrS0NiWExGdklqYTZhOFdEdz09
Z0FBQUFBQm85OGY0WlVkdVhLSTRkZ09PM3Nnc0d3SkZwX0JBM191ZzdSU2lFZFA1djVCd3hsQzFBRnFMa0FlLXR0ek40M2ZMTGlzVVBVcXBVMjBmNTdGUjZXRHlvRG1hbzd3M0d0dHhIRjk4V2liekZKZHJJYkhkdHhGcmdZSmFzR04zTktGdnhuaHZYRW51QjVubm1LVk42clNWUUpfc2p2d2FGOV9aSHFaM29XQldSc2pXX3c2VTNoS09LVG0yLUhMSl9IanJ6eGxXcWVXaHB3TVlqQl9SM2NjUG5CRHdZdz09
Z0FBQUFBQm85OGl6MkhmdE41SXhrZjNvNllFZFczTXY2c3FXMUtWRnU3UVNVYUNHRjJ6c3FHSE5KWUg3WW1vNW5KSG80VThXQ0puUGFTZ3dQektxdzlRQXExVmlidmxjRmt6YXNfc3FQX0EtMkwxbTRjMkdVajFBU1pBcjFqOXVlX1NSU0RxRGNtUHpnWTR5VG1TME96M2JBTFRpUk5YTk93bXRnUDkxb1VJcGJtTndadXJhR0hKd2ItbEVTZXNxV0hKeEwxajltNEpt
